<?xml version="1.0" encoding="UTF-8"?>
<!-- Generated by org.testng.reporters.JUnitReportReporter -->
<testsuite hostname="EPESMALW0088" failures="0" tests="1" name="com.computers.db.testcases.TC_001_SearchComputer" time="10.737" errors="0" timestamp="2022-01-03T01:40:27 CET" skipped="0">
  <testcase classname="com.computers.db.testcases.TC_001_SearchComputer" name="SearchcomputerTest" time="10.737"/>
  <system-out/>
</testsuite> <!-- com.computers.db.testcases.TC_001_SearchComputer -->
