<?xml version="1.0" encoding="UTF-8"?>
<!-- Generated by org.testng.reporters.JUnitReportReporter -->
<testsuite hostname="EPESMALW0088" failures="0" tests="1" name="com.computers.db.testcases.TC_002_EditComputer" time="2.183" errors="0" timestamp="2022-01-03T07:51:05 CET" skipped="0">
  <testcase classname="com.computers.db.testcases.TC_002_EditComputer" name="addComputerJustNameTest" time="2.183"/>
  <system-out/>
</testsuite> <!-- com.computers.db.testcases.TC_002_EditComputer -->
