<?xml version="1.0" encoding="UTF-8"?>
<!-- Generated by org.testng.reporters.JUnitReportReporter -->
<testsuite hostname="EPESMALW0088" failures="0" tests="3" name="com.computers.db.testcases.TC_001_AddNewComputer" time="3.813" errors="0" timestamp="2022-01-03T07:51:05 CET" skipped="0">
  <testcase classname="com.computers.db.testcases.TC_001_AddNewComputer" name="addComputerJustNameTest" time="0.948"/>
  <system-out/>
  <testcase classname="com.computers.db.testcases.TC_001_AddNewComputer" name="addComputerCompleteTest" time="1.530"/>
  <system-out/>
  <testcase classname="com.computers.db.testcases.TC_001_AddNewComputer" name="addComputerCompleteTest" time="1.335"/>
  <system-out/>
</testsuite> <!-- com.computers.db.testcases.TC_001_AddNewComputer -->
