<?xml version="1.0" encoding="UTF-8"?>
<!-- Generated by org.testng.reporters.JUnitReportReporter -->
<testsuite hostname="EPESMALW0088" failures="0" tests="2" name="com.computers.db.testcases.TC_001_AddNewComputer" time="2.882" errors="0" timestamp="2022-01-03T06:04:20 CET" skipped="0">
  <testcase classname="com.computers.db.testcases.TC_001_AddNewComputer" name="addComputerCompleteTest" time="1.504"/>
  <system-out/>
  <testcase classname="com.computers.db.testcases.TC_001_AddNewComputer" name="addComputerCompleteTest" time="1.378"/>
  <system-out/>
</testsuite> <!-- com.computers.db.testcases.TC_001_AddNewComputer -->
